10:56:04.100 [main] INFO  v.u.m.g.n.RandomNetworkGeneratorConfiguration - Number of nodes is set to 10
10:56:04.104 [main] INFO  v.u.m.g.n.RandomNetworkGeneratorConfiguration - No distance function set, default value is Euclidean2DDistanceFunction.
10:56:04.104 [main] INFO  v.u.m.g.n.RandomNetworkGeneratorConfiguration - No time function set, default value is LinearMotionTravelTimeFunction.
10:56:04.105 [main] INFO  v.u.m.g.n.RandomNetworkGeneratorConfiguration - No max way speed set, default value is 50.
10:56:04.116 [main] INFO  v.u.m.g.s.RandomStructureGeneratorConfiguration - No capacity unit set, default value is 'amount'.
10:56:04.117 [main] INFO  v.u.m.g.s.RandomStructureGeneratorConfiguration - No CanStoreType is set, default value is 'compartment'.
10:56:04.117 [main] INFO  v.u.m.g.s.RandomStructureGeneratorConfiguration - No StorableType is set, default value is 'package'.
10:56:04.118 [main] INFO  v.u.m.g.s.RandomStructureGeneratorConfiguration - Number of static customers 0.
10:56:04.118 [main] INFO  v.u.m.g.s.RandomStructureGeneratorConfiguration - No capacity amount of static customers set, default value is 50.
10:56:04.118 [main] INFO  v.u.m.g.s.RandomStructureGeneratorConfiguration - No min cosumption of static customers set, default value is 1.
10:56:04.118 [main] INFO  v.u.m.g.s.RandomStructureGeneratorConfiguration - No max cosumption of static customers set, default value is 15.
10:56:04.118 [main] INFO  v.u.m.g.s.RandomStructureGeneratorConfiguration - No min cosumption cycle of static customers set, default value is 28800 (20 days).
10:56:04.118 [main] INFO  v.u.m.g.s.RandomStructureGeneratorConfiguration - No max cosumption cycle of static customers set, default value is 43200 (30 days).
10:56:04.119 [main] INFO  v.u.m.g.s.RandomStructureGeneratorConfiguration - Number of static customers 5.
10:56:04.119 [main] INFO  v.u.m.g.s.RandomStructureGeneratorConfiguration - No capacity amount of dynamic customers set, default value is 50.
10:56:04.119 [main] INFO  v.u.m.g.s.RandomStructureGeneratorConfiguration - No min order amount of dynamic customers set, default value is 1.
10:56:04.119 [main] INFO  v.u.m.g.s.RandomStructureGeneratorConfiguration - No max order amount of dynamic customers set, default value is 15.
10:56:04.119 [main] INFO  v.u.m.g.s.RandomStructureGeneratorConfiguration - No min order cycle of dynamic customers set, default value is 28800 (20 days).
10:56:04.119 [main] INFO  v.u.m.g.s.RandomStructureGeneratorConfiguration - No max order cycle of dynamic customers set, default value is 43200 (30 days).
10:56:04.119 [main] INFO  v.u.m.g.s.RandomStructureGeneratorConfiguration - Number of default depot is 0
10:56:04.119 [main] INFO  v.u.m.g.s.RandomStructureGeneratorConfiguration - Number of source depot is 1
10:56:04.119 [main] INFO  v.u.m.g.s.RandomStructureGeneratorConfiguration - No capacity for source depot set, value is 1000.
10:56:04.120 [main] INFO  v.u.m.g.s.RandomStructureGeneratorConfiguration - Number of vehicle is 5
10:56:04.120 [main] INFO  v.u.m.g.s.RandomStructureGeneratorConfiguration - No capacity for vehicle set, value is 10.
10:56:04.120 [main] INFO  v.u.m.g.s.RandomStructureGeneratorConfiguration - No max speed of vehicle set, default value is 80.
10:56:04.120 [main] INFO  v.u.m.g.s.RandomStructureGeneratorConfiguration - Number of driver is 5
10:56:04.268 [JavaFX Application Thread] INFO  vrpsim.core.simulator.MainProgramm - Start initializing simulation model and collecting all existing IVRPSimualtionElement from model..
10:56:04.268 [JavaFX Application Thread] DEBUG vrpsim.core.simulator.MainProgramm - IVRPSimualtionElement from model: [vrpsim.core.model.structure.customer.DynamicCustomer@171080af, vrpsim.core.model.structure.customer.DynamicCustomer@545e87bf, vrpsim.core.model.structure.customer.DynamicCustomer@51859a0f, vrpsim.core.model.structure.customer.DynamicCustomer@303882de, vrpsim.core.model.structure.customer.DynamicCustomer@23be698e, vrpsim.core.model.structure.depot.SourceDepot@37d6139, vrpsim.core.model.structure.driver.DefaultDriver@7e55d6bb, vrpsim.core.model.structure.driver.DefaultDriver@a8f85dd, vrpsim.core.model.structure.driver.DefaultDriver@5a2d7f1b, vrpsim.core.model.structure.driver.DefaultDriver@32b1b9ce, vrpsim.core.model.structure.driver.DefaultDriver@6281512d, vrpsim.core.model.structure.vehicle.DefaultVehicle@14d681cd, vrpsim.core.model.structure.vehicle.DefaultVehicle@25b2f1eb, vrpsim.core.model.structure.vehicle.DefaultVehicle@1a72535a, vrpsim.core.model.structure.vehicle.DefaultVehicle@72926100, vrpsim.core.model.structure.vehicle.DefaultVehicle@52ea4e76, vrpsim.core.model.network.DefaultNode@60e5d069, vrpsim.core.model.network.DefaultNode@6885b7ac, vrpsim.core.model.network.DefaultNode@97e51dd, vrpsim.core.model.network.DefaultNode@9e7277a, vrpsim.core.model.network.DefaultNode@47cfc8b7, vrpsim.core.model.network.DefaultNode@2323f35, vrpsim.core.model.network.DefaultNode@79b97617, vrpsim.core.model.network.DefaultNode@49d552ad, vrpsim.core.model.network.DefaultNode@70e6b150, vrpsim.core.model.network.DefaultNode@63bee3ee, vrpsim.core.model.network.DefaultNode@51053840, vrpsim.core.model.network.DefaultWay@322648f7, vrpsim.core.model.network.DefaultWay@770f13d2, vrpsim.core.model.network.DefaultWay@63ba2f4e, vrpsim.core.model.network.DefaultWay@1b05dc41, vrpsim.core.model.network.DefaultWay@1b644e26, vrpsim.core.model.network.DefaultWay@14fa5f1b, vrpsim.core.model.network.DefaultWay@2688c295, vrpsim.core.model.network.DefaultWay@135ae5d1, vrpsim.core.model.network.DefaultWay@2a769ce2, vrpsim.core.model.network.DefaultWay@6cb20c30, vrpsim.core.model.network.DefaultWay@ccef759, vrpsim.core.model.network.DefaultWay@48feff7c, vrpsim.core.model.network.DefaultWay@5671fb0d, vrpsim.core.model.network.DefaultWay@2a5ebe7f, vrpsim.core.model.network.DefaultWay@51d1f052, vrpsim.core.model.network.DefaultWay@6eebf00b, vrpsim.core.model.network.DefaultWay@371bd748, vrpsim.core.model.network.DefaultWay@68692a92, vrpsim.core.model.network.DefaultWay@366414ad, vrpsim.core.model.network.DefaultWay@7bed1c2, vrpsim.core.model.network.DefaultWay@6e76f7ea, vrpsim.core.model.network.DefaultWay@4f6a6d0c, vrpsim.core.model.network.DefaultWay@59bdc930, vrpsim.core.model.network.DefaultWay@28fc2304, vrpsim.core.model.network.DefaultWay@716c5856, vrpsim.core.model.network.DefaultWay@6df2497a, vrpsim.core.model.network.DefaultWay@5a31f9bd, vrpsim.core.model.network.DefaultWay@139c15fc, vrpsim.core.model.network.DefaultWay@a15131, vrpsim.core.model.network.DefaultWay@7fe761c6, vrpsim.core.model.network.DefaultWay@2ace8396, vrpsim.core.model.network.DefaultWay@590e50c6, vrpsim.core.model.network.DefaultWay@53acaa0f, vrpsim.core.model.network.DefaultWay@170108ed, vrpsim.core.model.network.DefaultWay@490dfba8, vrpsim.core.model.network.DefaultWay@62ae1a2f, vrpsim.core.model.network.DefaultWay@54e438a7, vrpsim.core.model.network.DefaultWay@4b3d04b6, vrpsim.core.model.network.DefaultWay@6dcb66c2, vrpsim.core.model.network.DefaultWay@7fa67636, vrpsim.core.model.network.DefaultWay@a725865, vrpsim.core.model.network.DefaultWay@29c9e529, vrpsim.core.model.network.DefaultWay@1f026ba4, vrpsim.core.model.network.DefaultWay@5359b9b4, vrpsim.core.model.network.DefaultWay@4bf072ca, vrpsim.core.model.network.DefaultWay@2d763630, vrpsim.core.model.network.DefaultWay@21252771, vrpsim.core.model.network.DefaultWay@3f2faef8, vrpsim.core.model.network.DefaultWay@7781fdf5, vrpsim.core.model.network.DefaultWay@6bda8283, vrpsim.core.model.network.DefaultWay@63cc2e26, vrpsim.core.model.network.DefaultWay@215604c9, vrpsim.core.model.network.DefaultWay@59403b43, vrpsim.core.model.network.DefaultWay@66b16472, vrpsim.core.model.network.DefaultWay@648ecb9c, vrpsim.core.model.network.DefaultWay@756feb88, vrpsim.core.model.network.DefaultWay@2dad5c45, vrpsim.core.model.network.DefaultWay@40d23f76, vrpsim.core.model.network.DefaultWay@5292dedb, vrpsim.core.model.network.DefaultWay@58ab4caa, vrpsim.core.model.network.DefaultWay@1fa37c8e, vrpsim.core.model.network.DefaultWay@4edbd983, vrpsim.core.model.network.DefaultWay@a7bb285, vrpsim.core.model.network.DefaultWay@8b7717c, vrpsim.core.model.network.DefaultWay@cf42be8, vrpsim.core.model.network.DefaultWay@1c73ec34, vrpsim.core.model.network.DefaultWay@4bcb9aa5, vrpsim.core.model.network.DefaultWay@78c43e31, vrpsim.core.model.network.DefaultWay@5542f1aa, vrpsim.core.model.network.DefaultWay@56d3a57a, vrpsim.core.model.network.DefaultWay@41da13b7, vrpsim.core.model.network.DefaultWay@18b6880b, vrpsim.core.model.network.DefaultWay@5a3bf516, vrpsim.core.model.network.DefaultWay@1188635e, vrpsim.core.model.network.DefaultWay@de9d73, vrpsim.core.model.network.DefaultWay@2c04abb3, vrpsim.core.model.network.DefaultWay@29926860, vrpsim.core.model.network.DefaultWay@7bd27c9f, vrpsim.core.model.network.DefaultWay@f934393, vrpsim.core.model.network.DefaultWay@64328e1, vrpsim.core.model.network.DefaultWay@3ca88121, vrpsim.core.model.network.DefaultWay@547624af, vrpsim.core.model.network.DefaultWay@416c7a69, vrpsim.core.model.network.DefaultWay@5ef74685, vrpsim.core.model.network.DefaultWay@26ae65f3, vrpsim.core.model.network.DefaultWay@43187ed5, vrpsim.core.model.network.DefaultWay@6105fbed, vrpsim.core.model.network.DefaultWay@5224a26, vrpsim.core.model.network.DefaultWay@5076368c, vrpsim.core.model.network.DefaultWay@50181481, vrpsim.core.model.network.DefaultWay@1e0c57fc, vrpsim.core.model.network.DefaultWay@9684d61, vrpsim.core.model.network.DefaultWay@68cbc896, vrpsim.core.model.network.DefaultWay@78e77512, vrpsim.core.model.network.DefaultWay@4a87e45, vrpsim.core.model.network.DefaultWay@4f6028f4, vrpsim.core.model.network.DefaultWay@7959d6f6, vrpsim.core.model.network.DefaultWay@3a55632a, vrpsim.core.model.network.DefaultWay@7dc87873, vrpsim.core.model.network.DefaultWay@33a1d8b6, vrpsim.core.model.network.DefaultWay@4785652, vrpsim.core.model.network.DefaultWay@152529c4, vrpsim.core.model.network.DefaultWay@2b10c0f3, vrpsim.core.model.network.DefaultWay@1649c94f, vrpsim.core.model.network.DefaultWay@5045c712, vrpsim.core.model.network.DefaultWay@6c12bfd7, vrpsim.core.model.network.DefaultWay@41a8edfe, vrpsim.core.model.network.DefaultWay@19f35735, vrpsim.core.model.network.DefaultWay@67707e4e, vrpsim.core.model.network.DefaultWay@1ee58970, vrpsim.core.model.network.DefaultWay@1824404f, vrpsim.core.model.network.DefaultWay@1bede681, vrpsim.core.model.network.DefaultWay@7f0b69bc, vrpsim.core.model.network.DefaultWay@4d17c124, vrpsim.core.model.network.DefaultWay@778bc6f1, vrpsim.core.model.network.DefaultWay@326ff6f, vrpsim.core.model.network.DefaultWay@2744303e, vrpsim.core.model.network.DefaultWay@5429cb13, vrpsim.core.model.network.DefaultWay@7dbc3329, vrpsim.core.model.network.DefaultWay@49556676, vrpsim.core.model.network.DefaultWay@4f966aa2]
10:56:04.272 [JavaFX Application Thread] INFO  vrpsim.core.simulator.MainProgramm - Add initial events to eventlist.
10:56:04.273 [JavaFX Application Thread] INFO  vrpsim.core.simulator.MainProgramm - Number of initial events generated: 5.
10:56:04.273 [JavaFX Application Thread] INFO  vrpsim.core.simulator.MainProgramm - Add foreign event listener.
10:56:04.671 [JavaFX Application Thread] DEBUG v.v.view.ModelViewController - ModelViewController initialized.
10:56:06.327 [Thread-4] INFO  vrpsim.core.simulator.MainProgramm - Simulation time: 0.0
10:56:06.328 [Thread-4] DEBUG vrpsim.core.simulator.MainProgramm - Event (type=TRIGGERING_ORDER_EVENT) from DynamicCustomer executed and 0 observers notified.
10:56:06.330 [Thread-4] DEBUG vrpsim.core.simulator.MainProgramm - Added new event (type=ORDER_EVENT) from DynamicCustomer to event list.
10:56:06.580 [JavaFX Application Thread] INFO  v.v.view.ModelViewController - Visualisation update triggered from DynamicCustomer.
10:56:06.584 [Thread-5] INFO  vrpsim.core.simulator.MainProgramm - Simulation time: 34334.0
10:56:06.584 [Thread-5] DEBUG vrpsim.core.simulator.MainProgramm - Event (type=ORDER_EVENT) from DynamicCustomer executed and 0 observers notified.
10:56:06.834 [JavaFX Application Thread] INFO  v.v.view.ModelViewController - Visualisation update triggered from DynamicCustomer.
10:56:07.228 [Thread-6] INFO  vrpsim.core.simulator.MainProgramm - Simulation time: 34334.0
10:56:07.229 [Thread-6] DEBUG vrpsim.core.simulator.MainProgramm - Event (type=TRIGGERING_ORDER_EVENT) from DynamicCustomer executed and 0 observers notified.
10:56:07.229 [Thread-6] DEBUG vrpsim.core.simulator.MainProgramm - Added new event (type=ORDER_EVENT) from DynamicCustomer to event list.
10:56:07.479 [JavaFX Application Thread] INFO  v.v.view.ModelViewController - Visualisation update triggered from DynamicCustomer.
10:56:07.482 [Thread-7] INFO  vrpsim.core.simulator.MainProgramm - Simulation time: 36669.0
10:56:07.482 [Thread-7] DEBUG vrpsim.core.simulator.MainProgramm - Event (type=ORDER_EVENT) from DynamicCustomer executed and 0 observers notified.
10:56:07.732 [JavaFX Application Thread] INFO  v.v.view.ModelViewController - Visualisation update triggered from DynamicCustomer.
10:56:07.762 [Thread-8] INFO  vrpsim.core.simulator.MainProgramm - Simulation time: 36669.0
10:56:07.763 [Thread-8] DEBUG vrpsim.core.simulator.MainProgramm - Event (type=TRIGGERING_ORDER_EVENT) from DynamicCustomer executed and 0 observers notified.
10:56:07.774 [Thread-8] DEBUG vrpsim.core.simulator.MainProgramm - Added new event (type=ORDER_EVENT) from DynamicCustomer to event list.
10:56:08.025 [JavaFX Application Thread] INFO  v.v.view.ModelViewController - Visualisation update triggered from DynamicCustomer.
10:56:08.028 [Thread-9] INFO  vrpsim.core.simulator.MainProgramm - Simulation time: 36954.0
10:56:08.028 [Thread-9] DEBUG vrpsim.core.simulator.MainProgramm - Event (type=ORDER_EVENT) from DynamicCustomer executed and 0 observers notified.
10:56:08.278 [JavaFX Application Thread] INFO  v.v.view.ModelViewController - Visualisation update triggered from DynamicCustomer.
10:56:08.290 [Thread-10] INFO  vrpsim.core.simulator.MainProgramm - Simulation time: 36954.0
10:56:08.290 [Thread-10] DEBUG vrpsim.core.simulator.MainProgramm - Event (type=TRIGGERING_ORDER_EVENT) from DynamicCustomer executed and 0 observers notified.
10:56:08.290 [Thread-10] DEBUG vrpsim.core.simulator.MainProgramm - Added new event (type=ORDER_EVENT) from DynamicCustomer to event list.
10:56:08.540 [JavaFX Application Thread] INFO  v.v.view.ModelViewController - Visualisation update triggered from DynamicCustomer.
10:56:08.542 [Thread-11] INFO  vrpsim.core.simulator.MainProgramm - Simulation time: 37558.0
10:56:08.543 [Thread-11] DEBUG vrpsim.core.simulator.MainProgramm - Event (type=ORDER_EVENT) from DynamicCustomer executed and 0 observers notified.
10:56:08.793 [JavaFX Application Thread] INFO  v.v.view.ModelViewController - Visualisation update triggered from DynamicCustomer.
10:56:08.846 [Thread-12] INFO  vrpsim.core.simulator.MainProgramm - Simulation time: 37558.0
10:56:08.846 [Thread-12] DEBUG vrpsim.core.simulator.MainProgramm - Event (type=TRIGGERING_ORDER_EVENT) from DynamicCustomer executed and 0 observers notified.
10:56:08.850 [Thread-12] DEBUG vrpsim.core.simulator.MainProgramm - Added new event (type=ORDER_EVENT) from DynamicCustomer to event list.
10:56:09.100 [JavaFX Application Thread] INFO  v.v.view.ModelViewController - Visualisation update triggered from DynamicCustomer.
10:56:09.102 [Thread-13] INFO  vrpsim.core.simulator.MainProgramm - Simulation time: 41273.0
10:56:09.103 [Thread-13] DEBUG vrpsim.core.simulator.MainProgramm - Event (type=ORDER_EVENT) from DynamicCustomer executed and 0 observers notified.
10:56:09.353 [JavaFX Application Thread] INFO  v.v.view.ModelViewController - Visualisation update triggered from DynamicCustomer.
10:56:09.365 [JavaFX Application Thread] INFO  vrpsim.core.simulator.MainProgramm - Simulation ends, no event in eventlist anymore.
